Exp/Christmas Santa Rush Delivery- Gift Game/build/intermediates/manifest_merge_blame_file/release/manifest-merger-blame-release-report.txt
1<?xml version="1.0" encoding="utf-8"?>
2<manifest xmlns:android="http://schemas.android.com/apk/res/android"
3    package="com.door.santa.claus.gift.delivery.christmas"
4    android:installLocation="auto"
5    android:versionCode="16"
6    android:versionName="1.0.16" >
7
8    <uses-sdk
9        android:minSdkVersion="16"
9-->src\main\AndroidManifest.xml
10        android:targetSdkVersion="29" />
10-->src\main\AndroidManifest.xml
11
12    <supports-screens
12-->src\main\AndroidManifest.xml:3:3-163
13        android:anyDensity="true"
13-->src\main\AndroidManifest.xml:3:135-160
14        android:largeScreens="true"
14-->src\main\AndroidManifest.xml:3:78-105
15        android:normalScreens="true"
15-->src\main\AndroidManifest.xml:3:49-77
16        android:smallScreens="true"
16-->src\main\AndroidManifest.xml:3:21-48
17        android:xlargeScreens="true" />
17-->src\main\AndroidManifest.xml:3:106-134
18
19    <uses-feature android:glEsVersion="0x00020000" />
19-->src\main\AndroidManifest.xml:16:3-52
19-->src\main\AndroidManifest.xml:16:17-49
20
21    <uses-permission android:name="android.permission.INTERNET" />
21-->src\main\AndroidManifest.xml:17:3-65
21-->src\main\AndroidManifest.xml:17:20-62
22    <uses-permission android:name="android.permission.ACCESS_NETWORK_STATE" />
22-->src\main\AndroidManifest.xml:18:3-77
22-->src\main\AndroidManifest.xml:18:20-74
23
24    <uses-feature
24-->src\main\AndroidManifest.xml:19:3-97
25        android:name="android.hardware.sensor.accelerometer"
25-->src\main\AndroidManifest.xml:19:17-69
26        android:required="false" />
26-->src\main\AndroidManifest.xml:19:70-94
27    <uses-feature
27-->src\main\AndroidManifest.xml:20:3-88
28        android:name="android.hardware.touchscreen"
28-->src\main\AndroidManifest.xml:20:17-60
29        android:required="false" />
29-->src\main\AndroidManifest.xml:20:61-85
30    <uses-feature
30-->src\main\AndroidManifest.xml:21:3-99
31        android:name="android.hardware.touchscreen.multitouch"
31-->src\main\AndroidManifest.xml:21:17-71
32        android:required="false" />
32-->src\main\AndroidManifest.xml:21:72-96
33    <uses-feature
33-->src\main\AndroidManifest.xml:22:3-108
34        android:name="android.hardware.touchscreen.multitouch.distinct"
34-->src\main\AndroidManifest.xml:22:17-80
35        android:required="false" />
35-->src\main\AndroidManifest.xml:22:81-105
36
37    <uses-permission android:name="android.permission.WAKE_LOCK" />
37-->[:com.google.android.gms.play-services-measurement-17.0.0:] AndroidManifest.xml:25:5-68
37-->[:com.google.android.gms.play-services-measurement-17.0.0:] AndroidManifest.xml:25:22-65
38    <uses-permission android:name="com.android.vending.BILLING" /> <!-- Indicates use of Android's VR-mode, available only on Android N+ -->
38-->[:GooglePlay:] AndroidManifest.xml:12:5-67
38-->[:GooglePlay:] AndroidManifest.xml:12:22-64
39    <uses-feature
39-->[:GooglePlay:] AndroidManifest.xml:14:5-16:36
40        android:name="android.software.vr.mode"
40-->[:GooglePlay:] AndroidManifest.xml:15:9-48
41        android:required="false" /> <!-- Indicates use of VR features that are available only on official "VR-ready" devices -->
41-->[:GooglePlay:] AndroidManifest.xml:16:9-33
42    <uses-feature
42-->[:GooglePlay:] AndroidManifest.xml:18:5-20:36
43        android:name="android.software.vr.high_performance"
43-->[:GooglePlay:] AndroidManifest.xml:19:9-60
44        android:required="false" />
44-->[:GooglePlay:] AndroidManifest.xml:20:9-33
45
46    <application
46-->src\main\AndroidManifest.xml:4:3-15:17
47        android:allowBackup="true"
47-->[:GooglePlay:] AndroidManifest.xml:22:18-44
48        android:appComponentFactory="androidx.core.app.CoreComponentFactory"
48-->[:androidx.core.core-1.0.0:] AndroidManifest.xml:22:18-86
49        android:icon="@mipmap/app_icon"
49-->src\main\AndroidManifest.xml:4:58-89
50        android:label="@string/app_name"
50-->src\main\AndroidManifest.xml:4:90-122
51        android:theme="@style/UnityThemeSelector" >
51-->src\main\AndroidManifest.xml:4:16-57
52        <activity
52-->src\main\AndroidManifest.xml:5:5-11:16
53            android:name="com.door.santa.claus.gift.delivery.christmas.UnityPlayerActivity"
53-->src\main\AndroidManifest.xml:5:336-415
54            android:configChanges="mcc|mnc|locale|touchscreen|keyboard|keyboardHidden|navigation|orientation|screenLayout|uiMode|screenSize|smallestScreenSize|fontScale|layoutDirection|density"
54-->src\main\AndroidManifest.xml:5:118-299
55            android:hardwareAccelerated="false"
55-->src\main\AndroidManifest.xml:5:300-335
56            android:label="@string/app_name"
56-->src\main\AndroidManifest.xml:5:15-47
57            android:launchMode="singleTask"
57-->src\main\AndroidManifest.xml:5:86-117
58            android:screenOrientation="landscape" >
58-->src\main\AndroidManifest.xml:5:48-85
59            <intent-filter>
59-->src\main\AndroidManifest.xml:6:7-9:23
60                <action android:name="android.intent.action.MAIN" />
60-->src\main\AndroidManifest.xml:7:9-61
60-->src\main\AndroidManifest.xml:7:17-58
61
62                <category android:name="android.intent.category.LAUNCHER" />
62-->src\main\AndroidManifest.xml:8:9-69
62-->src\main\AndroidManifest.xml:8:19-66
63            </intent-filter>
64
65            <meta-data
65-->src\main\AndroidManifest.xml:10:7-82
66                android:name="unityplayer.UnityActivity"
66-->src\main\AndroidManifest.xml:10:18-58
67                android:value="true" />
67-->src\main\AndroidManifest.xml:10:59-79
68        </activity>
69
70        <meta-data
70-->src\main\AndroidManifest.xml:12:5-101
71            android:name="unity.build-id"
71-->src\main\AndroidManifest.xml:12:16-45
72            android:value="50b6a60c-7115-4997-9255-ff2d4c6d4aae" />
72-->src\main\AndroidManifest.xml:12:46-98
73        <meta-data
73-->src\main\AndroidManifest.xml:13:5-69
74            android:name="unity.splash-mode"
74-->src\main\AndroidManifest.xml:13:16-48
75            android:value="1" />
75-->src\main\AndroidManifest.xml:13:49-66
76        <meta-data
76-->src\main\AndroidManifest.xml:14:5-74
77            android:name="unity.splash-enable"
77-->src\main\AndroidManifest.xml:14:16-50
78            android:value="True" />
78-->src\main\AndroidManifest.xml:14:51-71
79        <!-- Include the AdActivity and InAppPurchaseActivity configChanges and themes. -->
80        <activity
80-->[:com.google.android.gms.play-services-ads-lite-18.2.0:] AndroidManifest.xml:24:5-254
81            android:name="com.google.android.gms.ads.AdActivity"
81-->[:com.google.android.gms.play-services-ads-lite-18.2.0:] AndroidManifest.xml:24:15-67
82            android:configChanges="keyboard|keyboardHidden|orientation|screenLayout|uiMode|screenSize|smallestScreenSize"
82-->[:com.google.android.gms.play-services-ads-lite-18.2.0:] AndroidManifest.xml:24:68-177
83            android:exported="false"
83-->[:com.google.android.gms.play-services-ads-lite-18.2.0:] AndroidManifest.xml:24:178-202
84            android:theme="@android:style/Theme.Translucent" />
84-->[:com.google.android.gms.play-services-ads-lite-18.2.0:] AndroidManifest.xml:24:203-251
85
86        <provider
86-->[:com.google.android.gms.play-services-ads-lite-18.2.0:] AndroidManifest.xml:25:5-219
87            android:name="com.google.android.gms.ads.MobileAdsInitProvider"
87-->[:com.google.android.gms.play-services-ads-lite-18.2.0:] AndroidManifest.xml:25:15-78
88            android:authorities="com.door.santa.claus.gift.delivery.christmas.mobileadsinitprovider"
88-->[:com.google.android.gms.play-services-ads-lite-18.2.0:] AndroidManifest.xml:25:79-167
89            android:exported="false"
89-->[:com.google.android.gms.play-services-ads-lite-18.2.0:] AndroidManifest.xml:25:168-192
90            android:initOrder="100" />
90-->[:com.google.android.gms.play-services-ads-lite-18.2.0:] AndroidManifest.xml:25:193-216
91
92        <meta-data
92-->[:com.google.android.gms.play-services-basement-17.0.0:] AndroidManifest.xml:23:9-25:69
93            android:name="com.google.android.gms.version"
93-->[:com.google.android.gms.play-services-basement-17.0.0:] AndroidManifest.xml:24:13-58
94            android:value="@integer/google_play_services_version" />
94-->[:com.google.android.gms.play-services-basement-17.0.0:] AndroidManifest.xml:25:13-66
95
96        <receiver
96-->[:com.google.android.gms.play-services-measurement-17.0.0:] AndroidManifest.xml:29:9-33:20
97            android:name="com.google.android.gms.measurement.AppMeasurementReceiver"
97-->[:com.google.android.gms.play-services-measurement-17.0.0:] AndroidManifest.xml:30:13-85
98            android:enabled="true"
98-->[:com.google.android.gms.play-services-measurement-17.0.0:] AndroidManifest.xml:31:13-35
99            android:exported="false" >
99-->[:com.google.android.gms.play-services-measurement-17.0.0:] AndroidManifest.xml:32:13-37
100        </receiver>
101        <receiver
101-->[:com.google.android.gms.play-services-measurement-17.0.0:] AndroidManifest.xml:34:9-42:20
102            android:name="com.google.android.gms.measurement.AppMeasurementInstallReferrerReceiver"
102-->[:com.google.android.gms.play-services-measurement-17.0.0:] AndroidManifest.xml:35:13-100
103            android:enabled="true"
103-->[:com.google.android.gms.play-services-measurement-17.0.0:] AndroidManifest.xml:36:13-35
104            android:exported="true"
104-->[:com.google.android.gms.play-services-measurement-17.0.0:] AndroidManifest.xml:37:13-36
105            android:permission="android.permission.INSTALL_PACKAGES" >
105-->[:com.google.android.gms.play-services-measurement-17.0.0:] AndroidManifest.xml:38:13-69
106            <intent-filter>
106-->[:com.google.android.gms.play-services-measurement-17.0.0:] AndroidManifest.xml:39:13-41:29
107                <action android:name="com.android.vending.INSTALL_REFERRER" />
107-->[:com.google.android.gms.play-services-measurement-17.0.0:] AndroidManifest.xml:40:17-79
107-->[:com.google.android.gms.play-services-measurement-17.0.0:] AndroidManifest.xml:40:25-76
108            </intent-filter>
109        </receiver>
110
111        <service
111-->[:com.google.android.gms.play-services-measurement-17.0.0:] AndroidManifest.xml:44:9-47:40
112            android:name="com.google.android.gms.measurement.AppMeasurementService"
112-->[:com.google.android.gms.play-services-measurement-17.0.0:] AndroidManifest.xml:45:13-84
113            android:enabled="true"
113-->[:com.google.android.gms.play-services-measurement-17.0.0:] AndroidManifest.xml:46:13-35
114            android:exported="false" />
114-->[:com.google.android.gms.play-services-measurement-17.0.0:] AndroidManifest.xml:47:13-37
115        <service
115-->[:com.google.android.gms.play-services-measurement-17.0.0:] AndroidManifest.xml:48:9-52:72
116            android:name="com.google.android.gms.measurement.AppMeasurementJobService"
116-->[:com.google.android.gms.play-services-measurement-17.0.0:] AndroidManifest.xml:49:13-87
117            android:enabled="true"
117-->[:com.google.android.gms.play-services-measurement-17.0.0:] AndroidManifest.xml:50:13-35
118            android:exported="false"
118-->[:com.google.android.gms.play-services-measurement-17.0.0:] AndroidManifest.xml:51:13-37
119            android:permission="android.permission.BIND_JOB_SERVICE" />
119-->[:com.google.android.gms.play-services-measurement-17.0.0:] AndroidManifest.xml:52:13-69
120
121        <activity
121-->[:GooglePlay:] AndroidManifest.xml:23:9-26:86
122            android:name="com.unity.purchasing.googleplay.PurchaseActivity"
122-->[:GooglePlay:] AndroidManifest.xml:24:13-76
123            android:configChanges="fontScale|keyboard|keyboardHidden|locale|mnc|mcc|navigation|orientation|screenLayout|screenSize|smallestScreenSize|uiMode|touchscreen"
123-->[:GooglePlay:] AndroidManifest.xml:25:13-170
124            android:theme="@android:style/Theme.Translucent.NoTitleBar.Fullscreen" />
124-->[:GooglePlay:] AndroidManifest.xml:26:13-83
125        <activity
125-->[:GooglePlay:] AndroidManifest.xml:27:9-37:20
126            android:name="com.unity.purchasing.googleplay.VRPurchaseActivity"
126-->[:GooglePlay:] AndroidManifest.xml:28:13-78
127            android:configChanges="fontScale|keyboard|keyboardHidden|locale|mnc|mcc|navigation|orientation|screenLayout|screenSize|smallestScreenSize|uiMode|touchscreen"
127-->[:GooglePlay:] AndroidManifest.xml:29:13-170
128            android:enableVrMode="com.google.vr.vrcore/com.google.vr.vrcore.common.VrCoreListenerService"
128-->[:GooglePlay:] AndroidManifest.xml:30:13-106
129            android:theme="@style/VrActivityTheme" >
129-->[:GooglePlay:] AndroidManifest.xml:31:13-51
130            <intent-filter>
130-->[:GooglePlay:] AndroidManifest.xml:32:13-36:29
131                <action android:name="com.google.vr.vrcore.ACTION_NONE" />
131-->[:GooglePlay:] AndroidManifest.xml:33:17-75
131-->[:GooglePlay:] AndroidManifest.xml:33:25-72
132
133                <category android:name="com.google.intent.category.DAYDREAM" />
133-->[:GooglePlay:] AndroidManifest.xml:35:17-80
133-->[:GooglePlay:] AndroidManifest.xml:35:27-77
134            </intent-filter>
135        </activity>
136        <activity
136-->[:UnityAds:] AndroidManifest.xml:15:9-19:74
137            android:name="com.unity3d.services.ads.adunit.AdUnitActivity"
137-->[:UnityAds:] AndroidManifest.xml:16:13-74
138            android:configChanges="fontScale|keyboard|keyboardHidden|locale|mnc|mcc|navigation|orientation|screenLayout|screenSize|smallestScreenSize|uiMode|touchscreen"
138-->[:UnityAds:] AndroidManifest.xml:17:13-170
139            android:hardwareAccelerated="true"
139-->[:UnityAds:] AndroidManifest.xml:18:13-47
140            android:theme="@android:style/Theme.NoTitleBar.Fullscreen" />
140-->[:UnityAds:] AndroidManifest.xml:19:13-71
141        <activity
141-->[:UnityAds:] AndroidManifest.xml:20:9-24:86
142            android:name="com.unity3d.services.ads.adunit.AdUnitTransparentActivity"
142-->[:UnityAds:] AndroidManifest.xml:21:13-85
143            android:configChanges="fontScale|keyboard|keyboardHidden|locale|mnc|mcc|navigation|orientation|screenLayout|screenSize|smallestScreenSize|uiMode|touchscreen"
143-->[:UnityAds:] AndroidManifest.xml:22:13-170
144            android:hardwareAccelerated="true"
144-->[:UnityAds:] AndroidManifest.xml:23:13-47
145            android:theme="@android:style/Theme.Translucent.NoTitleBar.Fullscreen" />
145-->[:UnityAds:] AndroidManifest.xml:24:13-83
146        <activity
146-->[:UnityAds:] AndroidManifest.xml:25:9-29:86
147            android:name="com.unity3d.services.ads.adunit.AdUnitTransparentSoftwareActivity"
147-->[:UnityAds:] AndroidManifest.xml:26:13-93
148            android:configChanges="fontScale|keyboard|keyboardHidden|locale|mnc|mcc|navigation|orientation|screenLayout|screenSize|smallestScreenSize|uiMode|touchscreen"
148-->[:UnityAds:] AndroidManifest.xml:27:13-170
149            android:hardwareAccelerated="false"
149-->[:UnityAds:] AndroidManifest.xml:28:13-48
150            android:theme="@android:style/Theme.Translucent.NoTitleBar.Fullscreen" />
150-->[:UnityAds:] AndroidManifest.xml:29:13-83
151        <activity
151-->[:UnityAds:] AndroidManifest.xml:30:9-34:74
152            android:name="com.unity3d.services.ads.adunit.AdUnitSoftwareActivity"
152-->[:UnityAds:] AndroidManifest.xml:31:13-82
153            android:configChanges="fontScale|keyboard|keyboardHidden|locale|mnc|mcc|navigation|orientation|screenLayout|screenSize|smallestScreenSize|uiMode|touchscreen"
153-->[:UnityAds:] AndroidManifest.xml:32:13-170
154            android:hardwareAccelerated="false"
154-->[:UnityAds:] AndroidManifest.xml:33:13-48
155            android:theme="@android:style/Theme.NoTitleBar.Fullscreen" />
155-->[:UnityAds:] AndroidManifest.xml:34:13-71
156
157        <uses-library
157-->[:GoogleMobileAdsPlugin] AndroidManifest.xml:15:9-17:40
158            android:name="org.apache.http.legacy"
158-->[:GoogleMobileAdsPlugin] AndroidManifest.xml:16:13-50
159            android:required="false" /> <!-- Your AdMob App ID will look similar to this sample ID: ca-app-pub-3940256099942544~3347511713 -->
159-->[:GoogleMobileAdsPlugin] AndroidManifest.xml:17:13-37
160        <meta-data
160-->[:GoogleMobileAdsPlugin] AndroidManifest.xml:19:9-21:70
161            android:name="com.google.android.gms.ads.APPLICATION_ID"
161-->[:GoogleMobileAdsPlugin] AndroidManifest.xml:20:13-69
162            android:value="ca-app-pub-6706350907130772~7903798263" />
162-->[:GoogleMobileAdsPlugin] AndroidManifest.xml:21:13-67
163    </application>
164
165</manifest>